<?xml version="1.0" encoding="UTF-8"?>
<!-- Generated by org.testng.reporters.JUnitXMLReporter -->
<testsuite ignored="3" hostname="EXO-BLR-LT214" failures="0" tests="1" name="GET API FOR LIST USERS" time="3.78" errors="0" timestamp="30 May 2020 05:57:21 GMT">
  <testcase classname="com.api.ApiTest.apiTest" name="listUsers" time="3.67"/>
  <testcase classname="com.api.ApiTest.apiTest" name="createUsers" time="0.0">
    <ignored/>
  </testcase> <!-- createUsers -->
  <testcase classname="com.api.ApiTest.apiTest" name="deleteUsers" time="0.0">
    <ignored/>
  </testcase> <!-- deleteUsers -->
  <testcase classname="com.api.ApiTest.apiTest" name="updateUsers" time="0.0">
    <ignored/>
  </testcase> <!-- updateUsers -->
</testsuite> <!-- GET API FOR LIST USERS -->
