<?xml version="1.0" encoding="UTF-8"?>
<!-- Generated by org.testng.reporters.JUnitXMLReporter -->
<testsuite ignored="3" hostname="EXO-BLR-LT214" failures="0" tests="1" name="POST API FOR CREATE USERS" time="1.154" errors="0" timestamp="30 May 2020 06:57:36 GMT">
  <testcase classname="com.api.ApiTest.apiTest" name="createUsers" time="1.15"/>
  <testcase classname="com.api.ApiTest.apiTest" name="deleteUsers" time="0.0">
    <ignored/>
  </testcase> <!-- deleteUsers -->
  <testcase classname="com.api.ApiTest.apiTest" name="updateUsers" time="0.0">
    <ignored/>
  </testcase> <!-- updateUsers -->
  <testcase classname="com.api.ApiTest.apiTest" name="listUsers" time="0.0">
    <ignored/>
  </testcase> <!-- listUsers -->
</testsuite> <!-- POST API FOR CREATE USERS -->
