<?xml version="1.0" encoding="UTF-8"?>
<!-- Generated by org.testng.reporters.JUnitXMLReporter -->
<testsuite ignored="3" hostname="EXO-BLR-LT214" failures="0" tests="1" name="PUT API FOR UPDATE USERS" time="0.984" errors="0" timestamp="30 May 2020 05:57:24 GMT">
  <testcase classname="com.api.ApiTest.apiTest" name="updateUsers" time="0.978"/>
  <testcase classname="com.api.ApiTest.apiTest" name="createUsers" time="0.0">
    <ignored/>
  </testcase> <!-- createUsers -->
  <testcase classname="com.api.ApiTest.apiTest" name="deleteUsers" time="0.0">
    <ignored/>
  </testcase> <!-- deleteUsers -->
  <testcase classname="com.api.ApiTest.apiTest" name="listUsers" time="0.0">
    <ignored/>
  </testcase> <!-- listUsers -->
</testsuite> <!-- PUT API FOR UPDATE USERS -->
