<?xml version="1.0" encoding="UTF-8"?>
<testng-results ignored="12" total="16" passed="4" failed="0" skipped="0">
  <reporter-output>
  </reporter-output>
  <suite started-at="2020-05-30T06:57:31Z" name="API Automation" finished-at="2020-05-30T06:57:37Z" duration-ms="6002">
    <groups>
    </groups>
    <test started-at="2020-05-30T06:57:31Z" name="GET API FOR LIST USERS" finished-at="2020-05-30T06:57:34Z" duration-ms="3389">
      <class name="com.api.ApiTest.apiTest">
        <test-method is-config="true" signature="beforeTest(java.lang.String)[pri:0, instance:com.api.ApiTest.apiTest@68d6972f]" started-at="2020-05-30T12:27:31Z" name="beforeTest" finished-at="2020-05-30T12:27:31Z" duration-ms="81" status="PASS">
          <params>
            <param index="0">
              <value>
                <![CDATA[https://reqres.in/api/users]]>
              </value>
            </param>
          </params>
          <reporter-output>
          </reporter-output>
        </test-method> <!-- beforeTest -->
        <test-method is-config="true" signature="beforeMethod(java.lang.String)[pri:0, instance:com.api.ApiTest.apiTest@68d6972f]" started-at="2020-05-30T12:27:31Z" name="beforeMethod" finished-at="2020-05-30T12:27:31Z" duration-ms="1" status="PASS">
          <params>
            <param index="0">
              <value is-null="true"/>
            </param>
          </params>
          <reporter-output>
          </reporter-output>
        </test-method> <!-- beforeMethod -->
        <test-method signature="listUsers(java.lang.String, java.lang.String, java.lang.String, java.lang.String)[pri:1, instance:com.api.ApiTest.apiTest@68d6972f]" started-at="2020-05-30T12:27:31Z" name="listUsers" finished-at="2020-05-30T12:27:34Z" duration-ms="3281" status="PASS">
          <params>
            <param index="0">
              <value>
                <![CDATA[2]]>
              </value>
            </param>
            <param index="1">
              <value>
                <![CDATA[StatusCode Weekly]]>
              </value>
            </param>
            <param index="2">
              <value>
                <![CDATA[http://statuscode.org/]]>
              </value>
            </param>
            <param index="3">
              <value>
                <![CDATA[A weekly newsletter focusing on software development, infrastructure, the server, performance, and the stack end of things.]]>
              </value>
            </param>
          </params>
          <reporter-output>
          </reporter-output>
        </test-method> <!-- listUsers -->
        <test-method is-config="true" signature="afterTest()[pri:0, instance:com.api.ApiTest.apiTest@68d6972f]" started-at="2020-05-30T12:27:34Z" name="afterTest" finished-at="2020-05-30T12:27:34Z" duration-ms="1" status="PASS">
          <reporter-output>
          </reporter-output>
        </test-method> <!-- afterTest -->
      </class> <!-- com.api.ApiTest.apiTest -->
    </test> <!-- GET API FOR LIST USERS -->
    <test started-at="2020-05-30T06:57:34Z" name="POST API FOR CREATE USERS" finished-at="2020-05-30T06:57:36Z" duration-ms="1154">
      <class name="com.api.ApiTest.apiTest">
        <test-method is-config="true" signature="beforeTest(java.lang.String)[pri:0, instance:com.api.ApiTest.apiTest@1d1f7216]" started-at="2020-05-30T12:27:34Z" name="beforeTest" finished-at="2020-05-30T12:27:34Z" duration-ms="1" status="PASS">
          <params>
            <param index="0">
              <value>
                <![CDATA[https://reqres.in/api/users]]>
              </value>
            </param>
          </params>
          <reporter-output>
          </reporter-output>
        </test-method> <!-- beforeTest -->
        <test-method is-config="true" signature="beforeMethod(java.lang.String)[pri:0, instance:com.api.ApiTest.apiTest@1d1f7216]" started-at="2020-05-30T12:27:34Z" name="beforeMethod" finished-at="2020-05-30T12:27:34Z" duration-ms="1" status="PASS">
          <params>
            <param index="0">
              <value is-null="true"/>
            </param>
          </params>
          <reporter-output>
          </reporter-output>
        </test-method> <!-- beforeMethod -->
        <test-method signature="createUsers(java.lang.String, java.lang.String, java.lang.String)[pri:2, instance:com.api.ApiTest.apiTest@1d1f7216]" started-at="2020-05-30T12:27:34Z" name="createUsers" finished-at="2020-05-30T12:27:36Z" duration-ms="1150" status="PASS">
          <params>
            <param index="0">
              <value>
                <![CDATA[https://reqres.in/api/users]]>
              </value>
            </param>
            <param index="1">
              <value>
                <![CDATA[morpheus]]>
              </value>
            </param>
            <param index="2">
              <value>
                <![CDATA[leader]]>
              </value>
            </param>
          </params>
          <reporter-output>
          </reporter-output>
        </test-method> <!-- createUsers -->
        <test-method is-config="true" signature="afterTest()[pri:0, instance:com.api.ApiTest.apiTest@1d1f7216]" started-at="2020-05-30T12:27:36Z" name="afterTest" finished-at="2020-05-30T12:27:36Z" duration-ms="1" status="PASS">
          <reporter-output>
          </reporter-output>
        </test-method> <!-- afterTest -->
      </class> <!-- com.api.ApiTest.apiTest -->
    </test> <!-- POST API FOR CREATE USERS -->
    <test started-at="2020-05-30T06:57:36Z" name="PUT API FOR UPDATE USERS" finished-at="2020-05-30T06:57:36Z" duration-ms="815">
      <class name="com.api.ApiTest.apiTest">
        <test-method is-config="true" signature="beforeTest(java.lang.String)[pri:0, instance:com.api.ApiTest.apiTest@4ebea12c]" started-at="2020-05-30T12:27:36Z" name="beforeTest" finished-at="2020-05-30T12:27:36Z" duration-ms="1" status="PASS">
          <params>
            <param index="0">
              <value>
                <![CDATA[https://reqres.in/api/users]]>
              </value>
            </param>
          </params>
          <reporter-output>
          </reporter-output>
        </test-method> <!-- beforeTest -->
        <test-method is-config="true" signature="beforeMethod(java.lang.String)[pri:0, instance:com.api.ApiTest.apiTest@4ebea12c]" started-at="2020-05-30T12:27:36Z" name="beforeMethod" finished-at="2020-05-30T12:27:36Z" duration-ms="0" status="PASS">
          <params>
            <param index="0">
              <value is-null="true"/>
            </param>
          </params>
          <reporter-output>
          </reporter-output>
        </test-method> <!-- beforeMethod -->
        <test-method signature="updateUsers(java.lang.String, java.lang.String, java.lang.String, java.lang.String)[pri:3, instance:com.api.ApiTest.apiTest@4ebea12c]" started-at="2020-05-30T12:27:36Z" name="updateUsers" finished-at="2020-05-30T12:27:36Z" duration-ms="809" status="PASS">
          <params>
            <param index="0">
              <value>
                <![CDATA[https://reqres.in/api/users]]>
              </value>
            </param>
            <param index="1">
              <value>
                <![CDATA[morpheus]]>
              </value>
            </param>
            <param index="2">
              <value>
                <![CDATA[zion resident]]>
              </value>
            </param>
            <param index="3">
              <value>
                <![CDATA[2]]>
              </value>
            </param>
          </params>
          <reporter-output>
          </reporter-output>
        </test-method> <!-- updateUsers -->
        <test-method is-config="true" signature="afterTest()[pri:0, instance:com.api.ApiTest.apiTest@4ebea12c]" started-at="2020-05-30T12:27:36Z" name="afterTest" finished-at="2020-05-30T12:27:36Z" duration-ms="3" status="PASS">
          <reporter-output>
          </reporter-output>
        </test-method> <!-- afterTest -->
      </class> <!-- com.api.ApiTest.apiTest -->
    </test> <!-- PUT API FOR UPDATE USERS -->
    <test started-at="2020-05-30T06:57:36Z" name="DELETE API FOR DELETE USERS" finished-at="2020-05-30T06:57:37Z" duration-ms="588">
      <class name="com.api.ApiTest.apiTest">
        <test-method is-config="true" signature="beforeTest(java.lang.String)[pri:0, instance:com.api.ApiTest.apiTest@743cb8e0]" started-at="2020-05-30T12:27:36Z" name="beforeTest" finished-at="2020-05-30T12:27:36Z" duration-ms="3" status="PASS">
          <params>
            <param index="0">
              <value>
                <![CDATA[https://reqres.in/api/users]]>
              </value>
            </param>
          </params>
          <reporter-output>
          </reporter-output>
        </test-method> <!-- beforeTest -->
        <test-method is-config="true" signature="beforeMethod(java.lang.String)[pri:0, instance:com.api.ApiTest.apiTest@743cb8e0]" started-at="2020-05-30T12:27:36Z" name="beforeMethod" finished-at="2020-05-30T12:27:36Z" duration-ms="0" status="PASS">
          <params>
            <param index="0">
              <value is-null="true"/>
            </param>
          </params>
          <reporter-output>
          </reporter-output>
        </test-method> <!-- beforeMethod -->
        <test-method signature="deleteUsers(java.lang.String, java.lang.String)[pri:4, instance:com.api.ApiTest.apiTest@743cb8e0]" started-at="2020-05-30T12:27:36Z" name="deleteUsers" finished-at="2020-05-30T12:27:37Z" duration-ms="582" status="PASS">
          <params>
            <param index="0">
              <value>
                <![CDATA[https://reqres.in/api/users]]>
              </value>
            </param>
            <param index="1">
              <value>
                <![CDATA[2]]>
              </value>
            </param>
          </params>
          <reporter-output>
          </reporter-output>
        </test-method> <!-- deleteUsers -->
        <test-method is-config="true" signature="afterTest()[pri:0, instance:com.api.ApiTest.apiTest@743cb8e0]" started-at="2020-05-30T12:27:37Z" name="afterTest" finished-at="2020-05-30T12:27:37Z" duration-ms="2" status="PASS">
          <reporter-output>
          </reporter-output>
        </test-method> <!-- afterTest -->
      </class> <!-- com.api.ApiTest.apiTest -->
    </test> <!-- DELETE API FOR DELETE USERS -->
  </suite> <!-- API Automation -->
</testng-results>
